<?xml version="1.0" encoding="UTF-8"?>
<!-- Generated by org.testng.reporters.JUnitXMLReporter -->
<testsuite ignored="0" hostname="Sirajs-MacBook-Air.local" failures="0" tests="1" name="/Users/sirajshaik/Documents/Siraj/Selenium/Projects/RestAssuredWithTestNG" time="2.464" errors="0" timestamp="2020-03-12T13:56:59 EDT">
  <testcase classname="RestApiTests.TC003_GoogleMapGetResponse" name="verifyResponseOfGoogleMap" time="2.421"/>
</testsuite> <!-- /Users/sirajshaik/Documents/Siraj/Selenium/Projects/RestAssuredWithTestNG -->
